\BOOKMARK [0][-]{chapter.0}{Introduction}{}% 1
\BOOKMARK [1][-]{section.0.1}{Motivation}{chapter.0}% 2
\BOOKMARK [1][-]{section.0.2}{언어}{chapter.0}% 3
\BOOKMARK [-1][-]{part.1}{I 오토마타와 언어}{}% 4
\BOOKMARK [0][-]{chapter.1}{정규 언어와 유한 오토마타}{part.1}% 5
\BOOKMARK [1][-]{section.1.1}{정규 언어}{chapter.1}% 6
\BOOKMARK [1][-]{section.1.2}{유한 오토마타}{chapter.1}% 7
\BOOKMARK [1][-]{section.1.3}{비결정론적 유한 오토마타}{chapter.1}% 8
\BOOKMARK [1][-]{section.1.4}{DFA\040=\040NFA}{chapter.1}% 9
\BOOKMARK [1][-]{section.1.5}{정규 언어 = DFA = NFA}{chapter.1}% 10
\BOOKMARK [1][-]{section.1.6}{정규 언어의 특징}{chapter.1}% 11
\BOOKMARK [1][-]{section.1.7}{정규 언어가 아닌 것들}{chapter.1}% 12
\BOOKMARK [1][-]{section.1.8}{연습 문제}{chapter.1}% 13
\BOOKMARK [0][-]{chapter.2}{문법과 오토마타}{part.1}% 14
\BOOKMARK [1][-]{section.2.1}{문법}{chapter.2}% 15
\BOOKMARK [1][-]{section.2.2}{정규문법}{chapter.2}% 16
\BOOKMARK [1][-]{section.2.3}{파스 트리}{chapter.2}% 17
\BOOKMARK [1][-]{section.2.4}{표준형}{chapter.2}% 18
\BOOKMARK [1][-]{section.2.5}{내리누름 오토마타}{chapter.2}% 19
\BOOKMARK [1][-]{section.2.6}{PA\040=\040CFG}{chapter.2}% 20
\BOOKMARK [1][-]{section.2.7}{문맥무관 언어의 성질}{chapter.2}% 21
\BOOKMARK [1][-]{section.2.8}{결정 내리누름 오토마타}{chapter.2}% 22
\BOOKMARK [1][-]{section.2.9}{연습문제}{chapter.2}% 23
\BOOKMARK [0][-]{chapter.3}{튜링 기계와 재귀 언어}{part.1}% 24
\BOOKMARK [1][-]{section.3.1}{튜링 기계}{chapter.3}% 25
\BOOKMARK [1][-]{section.3.2}{튜링 기계의 확장}{chapter.3}% 26
\BOOKMARK [1][-]{section.3.3}{비결정론적 튜링 기계}{chapter.3}% 27
\BOOKMARK [1][-]{section.3.4}{랜덤 접근 기계}{chapter.3}% 28
\BOOKMARK [1][-]{section.3.5}{무제한 문법}{chapter.3}% 29
\BOOKMARK [1][-]{section.3.6}{-재귀 함수}{chapter.3}% 30
\BOOKMARK [1][-]{section.3.7}{람다 계산법}{chapter.3}% 31
\BOOKMARK [1][-]{section.3.8}{연습문제}{chapter.3}% 32
\BOOKMARK [-1][-]{part.2}{II 계산 가능성}{}% 33
\BOOKMARK [0][-]{chapter.4}{계산 가능성}{part.2}% 34
\BOOKMARK [1][-]{section.4.1}{튜링 기계의 부호화}{chapter.4}% 35
\BOOKMARK [1][-]{section.4.2}{보편 만능 기계}{chapter.4}% 36
\BOOKMARK [1][-]{section.4.3}{정지 문제}{chapter.4}% 37
\BOOKMARK [1][-]{section.4.4}{정지 문제의 응용}{chapter.4}% 38
\BOOKMARK [1][-]{section.4.5}{계산 가능한 것들}{chapter.4}% 39
\BOOKMARK [1][-]{section.4.6}{촘스키 위계}{chapter.4}% 40
\BOOKMARK [1][-]{section.4.7}{처치-튜링 논제}{chapter.4}% 41
\BOOKMARK [1][-]{section.4.8}{바쁜 비버 함수}{chapter.4}% 42
\BOOKMARK [1][-]{section.4.9}{연습문제}{chapter.4}% 43
\BOOKMARK [0][-]{chapter.5}{튜링 위계와 산술적 위계}{part.2}% 44
\BOOKMARK [1][-]{section.5.1}{괴델 수}{chapter.5}% 45
\BOOKMARK [1][-]{section.5.2}{부분 재귀 함수}{chapter.5}% 46
\BOOKMARK [1][-]{section.5.3}{튜링 위계}{chapter.5}% 47
\BOOKMARK [1][-]{section.5.4}{산술적 위계}{chapter.5}% 48
\BOOKMARK [-1][-]{part.3}{III 계산 복잡도}{}% 49
\BOOKMARK [0][-]{chapter.6}{시간 복잡도}{part.3}% 50
\BOOKMARK [1][-]{section.6.1}{점근적 표기법}{chapter.6}% 51
\BOOKMARK [1][-]{section.6.2}{복잡도 분석}{chapter.6}% 52
\BOOKMARK [1][-]{section.6.3}{P}{chapter.6}% 53
\BOOKMARK [1][-]{section.6.4}{NP}{chapter.6}% 54
\BOOKMARK [1][-]{section.6.5}{NP-완전}{chapter.6}% 55
\BOOKMARK [1][-]{section.6.6}{coNP}{chapter.6}% 56
\BOOKMARK [1][-]{section.6.7}{최적화 문제}{chapter.6}% 57
\BOOKMARK [1][-]{section.6.8}{연습문제}{chapter.6}% 58
\BOOKMARK [0][-]{chapter.7}{공간 복잡도}{part.3}% 59
\BOOKMARK [1][-]{section.7.1}{PSPACE}{chapter.7}% 60
\BOOKMARK [1][-]{section.7.2}{PSPCAE-완전}{chapter.7}% 61
\BOOKMARK [1][-]{section.7.3}{L과 NL}{chapter.7}% 62
\BOOKMARK [1][-]{section.7.4}{NL-완전}{chapter.7}% 63
\BOOKMARK [1][-]{section.7.5}{NL\040=\040coNL}{chapter.7}% 64
\BOOKMARK [0][-]{chapter.8}{복잡도 위계}{part.3}% 65
\BOOKMARK [1][-]{section.8.1}{공간적 위계}{chapter.8}% 66
\BOOKMARK [1][-]{section.8.2}{시간적 위계}{chapter.8}% 67
\BOOKMARK [0][-]{appendix.A}{잡다한 수학적 배경지식}{part.3}% 68
\BOOKMARK [1][-]{section.A.1}{관계}{appendix.A}% 69
\BOOKMARK [1][-]{section.A.2}{기수}{appendix.A}% 70
\BOOKMARK [1][-]{section.A.3}{ZFC 공리계}{appendix.A}% 71
\BOOKMARK [1][-]{section.A.4}{괴델의 불완정성 정리}{appendix.A}% 72
